{
  "RSpec": {
    "coverage": {
      "/Users/davidhalewood/Documents/Makers/Projects/oystercard/spec/features/feature_spec.rb": [
        1,
        null,
        1,
        2,
        2,
        1,
        1,
        1,
        1,
        1,
        1,
        null,
        null
      ],
      "/Users/davidhalewood/Documents/Makers/Projects/oystercard/lib/oystercard.rb": [
        1,
        null,
        1,
        1,
        null,
        1,
        1,
        1,
        null,
        1,
        13,
        13,
        null,
        null,
        1,
        11,
        10,
        null,
        null,
        1,
        11,
        10,
        10,
        null,
        null,
        1,
        6,
        6,
        6,
        null,
        null,
        1,
        8,
        8,
        8,
        null,
        null,
        1,
        null,
        1,
        8,
        null,
        null
      ],
      "/Users/davidhalewood/Documents/Makers/Projects/oystercard/lib/journey.rb": [
        1,
        1,
        1,
        1,
        null,
        1,
        17,
        17,
        17,
        17,
        null,
        null,
        1,
        4,
        null,
        null,
        1,
        9,
        null,
        null,
        1,
        12,
        null,
        null,
        1,
        null,
        1,
        12,
        null,
        null
      ],
      "/Users/davidhalewood/Documents/Makers/Projects/oystercard/spec/journey_spec.rb": [
        1,
        null,
        1,
        5,
        4,
        6,
        null,
        1,
        2,
        1,
        1,
        null,
        null,
        null,
        1,
        1,
        1,
        1,
        1,
        null,
        null,
        null,
        1,
        1,
        1,
        1,
        1,
        null,
        null,
        null,
        1,
        1,
        1,
        1,
        null,
        1,
        1,
        1,
        null,
        null,
        null,
        null
      ],
      "/Users/davidhalewood/Documents/Makers/Projects/oystercard/spec/journeylog_spec.rb": [
        1,
        null,
        1,
        3,
        3,
        null,
        1,
        1,
        1,
        1,
        null,
        1,
        1,
        1,
        1,
        null,
        null,
        null
      ],
      "/Users/davidhalewood/Documents/Makers/Projects/oystercard/lib/journeylog.rb": [
        1,
        null,
        1,
        1,
        null,
        1,
        2,
        null,
        null,
        1,
        0,
        null,
        null,
        1,
        0,
        null,
        null,
        null
      ],
      "/Users/davidhalewood/Documents/Makers/Projects/oystercard/spec/oystercard_spec.rb": [
        1,
        null,
        1,
        13,
        8,
        3,
        9,
        5,
        null,
        1,
        1,
        1,
        null,
        1,
        1,
        null,
        null,
        null,
        1,
        1,
        4,
        null,
        1,
        1,
        2,
        null,
        null,
        null,
        1,
        1,
        1,
        1,
        1,
        null,
        1,
        1,
        1,
        1,
        null,
        1,
        2,
        null,
        1,
        1,
        1,
        4,
        null,
        null,
        null,
        1,
        1,
        4,
        4,
        null,
        1,
        4,
        null,
        1,
        1,
        1,
        null,
        null,
        1,
        1,
        1,
        4,
        null,
        null,
        1,
        null,
        1,
        4,
        null,
        null,
        null
      ],
      "/Users/davidhalewood/Documents/Makers/Projects/oystercard/spec/station_spec.rb": [
        1,
        null,
        1,
        null,
        3,
        1,
        1,
        null,
        1,
        1,
        null,
        null
      ],
      "/Users/davidhalewood/Documents/Makers/Projects/oystercard/lib/station.rb": [
        1,
        1,
        null,
        1,
        2,
        2,
        null,
        null,
        null
      ]
    },
    "timestamp": 1507289520
  }
}
