{
  "RSpec": {
    "coverage": {
      "/Users/lowthe01/projects/makers_academy/week_two/OysterCard/spec/features/feature_spec.rb": [
        1,
        null,
        1,
        2,
        2,
        1,
        1,
        1,
        1,
        1,
        1,
        null,
        null
      ],
      "/Users/lowthe01/projects/makers_academy/week_two/OysterCard/lib/oystercard.rb": [
        1,
        null,
        1,
        1,
        null,
        1,
        1,
        1,
        null,
        1,
        14,
        14,
        null,
        null,
        1,
        11,
        10,
        null,
        null,
        1,
        11,
        10,
        2,
        null,
        10,
        10,
        10,
        null,
        null,
        1,
        6,
        2,
        null,
        6,
        6,
        6,
        6,
        null,
        null,
        1,
        1,
        null,
        null,
        1,
        null,
        1,
        8,
        null,
        null
      ],
      "/Users/lowthe01/projects/makers_academy/week_two/OysterCard/lib/journey.rb": [
        1,
        1,
        null,
        1,
        17,
        17,
        null,
        null,
        1,
        14,
        null,
        null,
        1,
        9,
        null,
        null,
        1,
        12,
        null,
        null,
        1,
        null,
        1,
        12,
        null,
        null
      ],
      "/Users/lowthe01/projects/makers_academy/week_two/OysterCard/spec/journey_spec.rb": [
        1,
        null,
        1,
        5,
        4,
        6,
        null,
        1,
        2,
        1,
        1,
        null,
        null,
        null,
        1,
        1,
        1,
        1,
        1,
        null,
        null,
        null,
        1,
        1,
        1,
        1,
        1,
        null,
        null,
        null,
        1,
        1,
        1,
        1,
        null,
        1,
        1,
        1,
        null,
        null,
        null,
        null
      ],
      "/Users/lowthe01/projects/makers_academy/week_two/OysterCard/spec/oystercard_spec.rb": [
        1,
        null,
        1,
        14,
        8,
        3,
        9,
        5,
        null,
        1,
        1,
        1,
        null,
        1,
        1,
        null,
        null,
        null,
        1,
        1,
        4,
        null,
        1,
        1,
        2,
        null,
        null,
        null,
        1,
        1,
        1,
        null,
        null,
        null,
        1,
        1,
        1,
        1,
        1,
        null,
        1,
        1,
        1,
        1,
        null,
        1,
        2,
        null,
        1,
        1,
        1,
        4,
        null,
        null,
        null,
        1,
        1,
        4,
        4,
        null,
        1,
        4,
        null,
        1,
        1,
        1,
        null,
        null,
        1,
        1,
        1,
        4,
        null,
        null,
        1,
        null,
        1,
        4,
        null,
        null,
        null
      ],
      "/Users/lowthe01/projects/makers_academy/week_two/OysterCard/spec/station_spec.rb": [
        1,
        null,
        1,
        null,
        3,
        1,
        1,
        null,
        1,
        1,
        null,
        null
      ],
      "/Users/lowthe01/projects/makers_academy/week_two/OysterCard/lib/station.rb": [
        1,
        1,
        null,
        1,
        2,
        2,
        null,
        null,
        null
      ]
    },
    "timestamp": 1507213747
  }
}
